<?xml version="1.0" encoding="UTF-8"?>
<testng-results ignored="0" total="1" passed="1" failed="0" skipped="0">
  <reporter-output>
  </reporter-output>
  <suite started-at="2021-10-10T18:02:06 BRT" name="tests.TestPage" finished-at="2021-10-10T18:02:19 BRT" duration-ms="13228">
    <groups>
    </groups>
    <test started-at="2021-10-10T18:02:06 BRT" name="Command line test" finished-at="2021-10-10T18:02:19 BRT" duration-ms="13228">
      <class name="tests.TestPage">
        <test-method is-config="true" signature="start()[pri:0, instance:tests.TestPage@396e2f39]" started-at="2021-10-10T18:02:06 BRT" name="start" finished-at="2021-10-10T18:02:08 BRT" duration-ms="1918" status="PASS">
          <reporter-output>
          </reporter-output>
        </test-method> <!-- start -->
        <test-method signature="testSelect()[pri:0, instance:tests.TestPage@396e2f39]" started-at="2021-10-10T18:02:08 BRT" name="testSelect" finished-at="2021-10-10T18:02:19 BRT" duration-ms="11222" status="PASS">
          <reporter-output>
          </reporter-output>
        </test-method> <!-- testSelect -->
        <test-method is-config="true" signature="finishTest()[pri:0, instance:tests.TestPage@396e2f39]" started-at="2021-10-10T18:02:19 BRT" name="finishTest" finished-at="2021-10-10T18:02:19 BRT" duration-ms="1" status="PASS">
          <reporter-output>
          </reporter-output>
        </test-method> <!-- finishTest -->
      </class> <!-- tests.TestPage -->
    </test> <!-- Command line test -->
  </suite> <!-- tests.TestPage -->
</testng-results>
